TN:
SF:src\modules\appointments\services\CreateAppointmentService.ts
FN:20,(anonymous_18)
FN:22,CreateAppointmentService
FN:35,(anonymous_20)
FNF:3
FNH:3
FNDA:1,(anonymous_18)
FNDA:4,CreateAppointmentService
FNDA:5,(anonymous_20)
DA:2,1
DA:4,1
DA:7,1
DA:20,1
DA:24,4
DA:27,4
DA:30,4
DA:35,5
DA:36,5
DA:38,5
DA:39,1
DA:42,4
DA:43,1
DA:45,3
DA:46,0
DA:49,3
DA:51,3
DA:52,0
DA:55,3
DA:61,3
DA:63,6
DA:68,6
DA:73,3
DA:75,1
LF:24
LH:22
BRDA:38,0,0,1
BRDA:38,0,1,4
BRDA:42,1,0,1
BRDA:42,1,1,3
BRDA:45,2,0,0
BRDA:45,2,1,3
BRDA:45,3,0,3
BRDA:45,3,1,3
BRDA:51,4,0,0
BRDA:51,4,1,3
BRF:10
BRH:8
end_of_record
TN:
SF:src\modules\appointments\services\ListProviderAppointmentService.ts
FN:17,(anonymous_17)
FN:19,ListProvidersMonthAvailabilityService
FN:27,(anonymous_19)
FNF:3
FNH:3
FNDA:1,(anonymous_17)
FNDA:1,ListProvidersMonthAvailabilityService
FNDA:1,(anonymous_19)
DA:3,1
DA:17,1
DA:21,1
DA:24,1
DA:27,1
DA:29,1
DA:33,1
DA:34,1
DA:38,2
DA:44,1
DA:46,1
LF:11
LH:11
BRDA:29,0,0,1
BRDA:29,0,1,1
BRDA:33,1,0,0
BRDA:33,1,1,1
BRF:4
BRH:3
end_of_record
TN:
SF:src\modules\appointments\services\ListProviderDayAvailabilty.ts
FN:22,(anonymous_17)
FN:24,ListProvidersDayAvailabilityService
FN:29,(anonymous_19)
FN:41,(anonymous_22)
FN:48,(anonymous_23)
FN:51,(anonymous_24)
FNF:6
FNH:6
FNDA:1,(anonymous_17)
FNDA:1,ListProvidersDayAvailabilityService
FNDA:1,(anonymous_19)
FNDA:10,(anonymous_22)
FNDA:10,(anonymous_23)
FNDA:19,(anonymous_24)
DA:1,1
DA:4,1
DA:22,1
DA:26,1
DA:29,1
DA:30,1
DA:37,1
DA:39,1
DA:42,10
DA:46,1
DA:48,1
DA:50,10
DA:51,19
DA:54,10
DA:56,10
DA:62,1
DA:64,1
LF:17
LH:17
BRDA:30,0,0,1
BRDA:58,1,0,10
BRDA:58,1,1,8
BRF:3
BRH:3
end_of_record
TN:
SF:src\modules\appointments\services\ListProviderMonthAvailability.ts
FN:20,(anonymous_17)
FN:22,ListProvidersMonthAvailabilityService
FN:27,(anonymous_19)
FN:43,(anonymous_22)
FN:46,(anonymous_23)
FN:47,(anonymous_24)
FNF:6
FNH:6
FNDA:1,(anonymous_17)
FNDA:1,ListProvidersMonthAvailabilityService
FNDA:1,(anonymous_19)
FNDA:31,(anonymous_22)
FNDA:31,(anonymous_23)
FNDA:341,(anonymous_24)
DA:1,1
DA:4,1
DA:20,1
DA:24,1
DA:27,1
DA:29,1
DA:35,1
DA:37,1
DA:41,1
DA:43,31
DA:46,1
DA:47,31
DA:48,341
DA:50,31
DA:56,1
DA:58,1
LF:16
LH:16
BRDA:29,0,0,1
BRF:1
BRH:1
end_of_record
TN:
SF:src\modules\appointments\services\ListProvidersService.ts
FN:15,(anonymous_17)
FN:17,ListProvidersService
FN:25,(anonymous_19)
FNF:3
FNH:3
FNDA:1,(anonymous_17)
FNDA:1,ListProvidersService
FNDA:1,(anonymous_19)
DA:6,1
DA:15,1
DA:19,1
DA:22,1
DA:25,1
DA:27,1
DA:29,1
DA:30,1
DA:31,2
DA:34,1
DA:37,1
LF:11
LH:11
BRDA:27,0,0,1
BRDA:27,0,1,1
BRDA:29,1,0,0
BRDA:29,1,1,1
BRF:4
BRH:3
end_of_record
TN:
SF:src\modules\users\services\AuthenticateService.ts
FN:18,(anonymous_18)
FN:20,AuthenticateService
FN:25,(anonymous_20)
FNF:3
FNH:3
FNDA:1,(anonymous_18)
FNDA:3,AuthenticateService
FNDA:3,(anonymous_20)
DA:3,1
DA:4,1
DA:5,1
DA:7,1
DA:18,1
DA:21,3
DA:22,3
DA:25,3
DA:26,3
DA:27,3
DA:28,1
DA:31,2
DA:33,2
DA:34,1
DA:37,1
DA:39,1
DA:41,1
DA:42,0
DA:45,1
DA:50,1
DA:58,1
LF:21
LH:20
BRDA:26,0,0,3
BRDA:27,1,0,1
BRDA:27,1,1,2
BRDA:33,2,0,1
BRDA:33,2,1,1
BRDA:41,3,0,0
BRDA:41,3,1,1
BRF:7
BRH:6
end_of_record
TN:
SF:src\modules\users\services\CreateUserService.ts
FN:17,(anonymous_18)
FN:19,CreateUserService
FN:31,(anonymous_20)
FNF:3
FNH:3
FNDA:1,(anonymous_18)
FNDA:2,CreateUserService
FNDA:3,(anonymous_20)
DA:3,1
DA:5,1
DA:17,1
DA:22,2
DA:25,2
DA:28,2
DA:31,3
DA:34,3
DA:36,3
DA:37,1
DA:39,2
DA:40,2
DA:46,4
DA:47,2
DA:49,1
LF:15
LH:15
BRDA:34,0,0,3
BRDA:36,1,0,1
BRDA:36,1,1,2
BRF:3
BRH:3
end_of_record
TN:
SF:src\modules\users\services\ResetPasswordService.ts
FN:17,(anonymous_18)
FN:19,ResetPasswordService
FN:32,(anonymous_20)
FNF:3
FNH:3
FNDA:1,(anonymous_18)
FNDA:4,ResetPasswordService
FNDA:4,(anonymous_20)
DA:2,1
DA:4,1
DA:7,1
DA:17,1
DA:22,4
DA:25,4
DA:28,4
DA:32,4
DA:33,4
DA:34,4
DA:35,1
DA:37,3
DA:39,3
DA:40,1
DA:43,2
DA:44,2
DA:46,2
DA:47,1
DA:50,1
DA:52,2
DA:54,1
LF:21
LH:21
BRDA:33,0,0,4
BRDA:34,1,0,1
BRDA:34,1,1,3
BRDA:39,2,0,1
BRDA:39,2,1,2
BRDA:46,3,0,1
BRDA:46,3,1,1
BRF:7
BRH:7
end_of_record
TN:
SF:src\modules\users\services\SendForgottenPasswordEmailService.ts
FN:19,(anonymous_18)
FN:21,SendForgottenPasswordEmailService
FN:34,(anonymous_20)
FNF:3
FNH:3
FNDA:1,(anonymous_18)
FNDA:3,SendForgottenPasswordEmailService
FNDA:3,(anonymous_20)
DA:2,1
DA:4,1
DA:7,1
DA:9,1
DA:19,1
DA:24,3
DA:27,3
DA:30,3
DA:34,3
DA:35,3
DA:36,3
DA:37,1
DA:40,2
DA:42,4
DA:58,1
LF:15
LH:15
BRDA:35,0,0,3
BRDA:36,1,0,1
BRDA:36,1,1,2
BRF:3
BRH:3
end_of_record
TN:
SF:src\modules\users\services\ShowProfileService.ts
FN:14,(anonymous_18)
FN:16,ShowProfileService
FN:20,(anonymous_20)
FNF:3
FNH:3
FNDA:1,(anonymous_18)
FNDA:2,ShowProfileService
FNDA:2,(anonymous_20)
DA:3,1
DA:5,1
DA:14,1
DA:17,2
DA:20,2
DA:21,2
DA:23,2
DA:24,1
DA:27,1
DA:29,1
LF:10
LH:10
BRDA:21,0,0,2
BRDA:23,1,0,1
BRDA:23,1,1,1
BRF:3
BRH:3
end_of_record
TN:
SF:src\modules\users\services\UpdateProfileService.ts
FN:18,(anonymous_18)
FN:20,UpdateProfileService
FN:26,(anonymous_20)
FNF:3
FNH:3
FNDA:1,(anonymous_18)
FNDA:6,UpdateProfileService
FNDA:6,(anonymous_20)
DA:3,1
DA:5,1
DA:18,1
DA:21,6
DA:23,6
DA:26,6
DA:27,6
DA:29,6
DA:30,1
DA:33,5
DA:35,5
DA:36,1
DA:39,4
DA:40,4
DA:42,4
DA:43,1
DA:46,4
DA:47,2
DA:49,2
DA:50,1
DA:53,1
DA:56,2
DA:57,2
DA:59,1
LF:24
LH:24
BRDA:27,0,0,6
BRDA:27,0,1,2
BRDA:29,1,0,1
BRDA:29,1,1,5
BRDA:35,2,0,1
BRDA:35,2,1,4
BRDA:35,3,0,5
BRDA:35,3,1,1
BRDA:42,4,0,1
BRDA:42,4,1,3
BRDA:42,5,0,4
BRDA:42,5,1,3
BRDA:46,6,0,1
BRDA:46,6,1,2
BRDA:46,7,0,3
BRDA:46,7,1,2
BRDA:49,8,0,1
BRDA:49,8,1,1
BRF:18
BRH:18
end_of_record
TN:
SF:src\modules\users\services\updateUserAvatarService.ts
FN:18,(anonymous_18)
FN:20,UpdateUserAavatarService
FN:26,(anonymous_20)
FNF:3
FNH:3
FNDA:1,(anonymous_18)
FNDA:3,UpdateUserAavatarService
FNDA:4,(anonymous_20)
DA:6,1
DA:8,1
DA:18,1
DA:21,3
DA:23,3
DA:26,4
DA:28,4
DA:30,4
DA:31,1
DA:34,5
DA:36,2
DA:39,3
DA:41,3
DA:43,6
DA:45,3
DA:47,1
LF:16
LH:16
BRDA:28,0,0,4
BRDA:28,0,1,3
BRDA:30,1,0,1
BRDA:30,1,1,3
BRDA:34,2,0,2
BRDA:34,2,1,1
BRF:6
BRH:6
end_of_record
